{"total": {"lines":{"total":117,"covered":113,"skipped":0,"pct":96.58},"statements":{"total":125,"covered":121,"skipped":0,"pct":96.8},"functions":{"total":39,"covered":36,"skipped":0,"pct":92.3},"branches":{"total":50,"covered":44,"skipped":0,"pct":88},"branchesTrue":{"total":0,"covered":0,"skipped":0,"pct":100}}
,"C:\\Users\\AshokKumarSethuraman\\Desktop\\Ashok\\badge-project\\Employee-Task-Management-System\\frontend\\src\\components\\Header.tsx": {"lines":{"total":2,"covered":2,"skipped":0,"pct":100},"functions":{"total":1,"covered":1,"skipped":0,"pct":100},"statements":{"total":2,"covered":2,"skipped":0,"pct":100},"branches":{"total":0,"covered":0,"skipped":0,"pct":100}}
,"C:\\Users\\AshokKumarSethuraman\\Desktop\\Ashok\\badge-project\\Employee-Task-Management-System\\frontend\\src\\components\\Sidebar.tsx": {"lines":{"total":7,"covered":7,"skipped":0,"pct":100},"functions":{"total":3,"covered":3,"skipped":0,"pct":100},"statements":{"total":7,"covered":7,"skipped":0,"pct":100},"branches":{"total":6,"covered":5,"skipped":0,"pct":83.33}}
,"C:\\Users\\AshokKumarSethuraman\\Desktop\\Ashok\\badge-project\\Employee-Task-Management-System\\frontend\\src\\hooks\\useAuth.tsx": {"lines":{"total":26,"covered":25,"skipped":0,"pct":96.15},"functions":{"total":8,"covered":8,"skipped":0,"pct":100},"statements":{"total":27,"covered":26,"skipped":0,"pct":96.29},"branches":{"total":6,"covered":5,"skipped":0,"pct":83.33}}
,"C:\\Users\\AshokKumarSethuraman\\Desktop\\Ashok\\badge-project\\Employee-Task-Management-System\\frontend\\src\\hooks\\useRealTimeNotifications.ts": {"lines":{"total":19,"covered":19,"skipped":0,"pct":100},"functions":{"total":4,"covered":4,"skipped":0,"pct":100},"statements":{"total":21,"covered":21,"skipped":0,"pct":100},"branches":{"total":8,"covered":8,"skipped":0,"pct":100}}
,"C:\\Users\\AshokKumarSethuraman\\Desktop\\Ashok\\badge-project\\Employee-Task-Management-System\\frontend\\src\\services\\api.ts": {"lines":{"total":6,"covered":6,"skipped":0,"pct":100},"functions":{"total":1,"covered":1,"skipped":0,"pct":100},"statements":{"total":6,"covered":6,"skipped":0,"pct":100},"branches":{"total":4,"covered":4,"skipped":0,"pct":100}}
,"C:\\Users\\AshokKumarSethuraman\\Desktop\\Ashok\\badge-project\\Employee-Task-Management-System\\frontend\\src\\services\\socketService.ts": {"lines":{"total":36,"covered":34,"skipped":0,"pct":94.44},"functions":{"total":11,"covered":9,"skipped":0,"pct":81.81},"statements":{"total":36,"covered":34,"skipped":0,"pct":94.44},"branches":{"total":14,"covered":13,"skipped":0,"pct":92.85}}
,"C:\\Users\\AshokKumarSethuraman\\Desktop\\Ashok\\badge-project\\Employee-Task-Management-System\\frontend\\src\\store\\slices\\notificationSlice.ts": {"lines":{"total":21,"covered":20,"skipped":0,"pct":95.23},"functions":{"total":11,"covered":10,"skipped":0,"pct":90.9},"statements":{"total":26,"covered":25,"skipped":0,"pct":96.15},"branches":{"total":12,"covered":9,"skipped":0,"pct":75}}
}
