{"total": {"lines":{"total":96,"covered":92,"skipped":0,"pct":95.83},"statements":{"total":104,"covered":100,"skipped":0,"pct":96.15},"functions":{"total":36,"covered":33,"skipped":0,"pct":91.66},"branches":{"total":38,"covered":32,"skipped":0,"pct":84.21},"branchesTrue":{"total":0,"covered":0,"skipped":0,"pct":100}}
,"C:\\Users\\AshokKumarSethuraman\\Desktop\\Ashok\\Full-stack-badge\\frontend\\src\\components\\Header.tsx": {"lines":{"total":2,"covered":2,"skipped":0,"pct":100},"functions":{"total":1,"covered":1,"skipped":0,"pct":100},"statements":{"total":2,"covered":2,"skipped":0,"pct":100},"branches":{"total":0,"covered":0,"skipped":0,"pct":100}}
,"C:\\Users\\AshokKumarSethuraman\\Desktop\\Ashok\\Full-stack-badge\\frontend\\src\\components\\Sidebar.tsx": {"lines":{"total":7,"covered":7,"skipped":0,"pct":100},"functions":{"total":3,"covered":3,"skipped":0,"pct":100},"statements":{"total":7,"covered":7,"skipped":0,"pct":100},"branches":{"total":6,"covered":5,"skipped":0,"pct":83.33}}
,"C:\\Users\\AshokKumarSethuraman\\Desktop\\Ashok\\Full-stack-badge\\frontend\\src\\hooks\\useAuth.tsx": {"lines":{"total":26,"covered":25,"skipped":0,"pct":96.15},"functions":{"total":8,"covered":8,"skipped":0,"pct":100},"statements":{"total":27,"covered":26,"skipped":0,"pct":96.29},"branches":{"total":6,"covered":5,"skipped":0,"pct":83.33}}
,"C:\\Users\\AshokKumarSethuraman\\Desktop\\Ashok\\Full-stack-badge\\frontend\\src\\hooks\\useRealTimeNotifications.ts": {"lines":{"total":14,"covered":14,"skipped":0,"pct":100},"functions":{"total":4,"covered":4,"skipped":0,"pct":100},"statements":{"total":16,"covered":16,"skipped":0,"pct":100},"branches":{"total":4,"covered":4,"skipped":0,"pct":100}}
,"C:\\Users\\AshokKumarSethuraman\\Desktop\\Ashok\\Full-stack-badge\\frontend\\src\\services\\api.ts": {"lines":{"total":6,"covered":6,"skipped":0,"pct":100},"functions":{"total":1,"covered":1,"skipped":0,"pct":100},"statements":{"total":6,"covered":6,"skipped":0,"pct":100},"branches":{"total":4,"covered":4,"skipped":0,"pct":100}}
,"C:\\Users\\AshokKumarSethuraman\\Desktop\\Ashok\\Full-stack-badge\\frontend\\src\\services\\socketService.ts": {"lines":{"total":20,"covered":18,"skipped":0,"pct":90},"functions":{"total":8,"covered":6,"skipped":0,"pct":75},"statements":{"total":20,"covered":18,"skipped":0,"pct":90},"branches":{"total":6,"covered":5,"skipped":0,"pct":83.33}}
,"C:\\Users\\AshokKumarSethuraman\\Desktop\\Ashok\\Full-stack-badge\\frontend\\src\\store\\slices\\notificationSlice.ts": {"lines":{"total":21,"covered":20,"skipped":0,"pct":95.23},"functions":{"total":11,"covered":10,"skipped":0,"pct":90.9},"statements":{"total":26,"covered":25,"skipped":0,"pct":96.15},"branches":{"total":12,"covered":9,"skipped":0,"pct":75}}
}
