<?xml version="1.0" encoding="UTF-8"?>
<coverage generated="1784977291256" clover="3.2.0">
  <project timestamp="1784977291256" name="All files">
    <metrics statements="86" coveredstatements="86" conditionals="23" coveredconditionals="21" methods="17" coveredmethods="17" elements="126" coveredelements="124" complexity="0" loc="86" ncloc="86" packages="4" files="12" classes="12"/>
    <package name="middleware">
      <metrics statements="45" coveredstatements="45" conditionals="13" coveredconditionals="12" methods="10" coveredmethods="10"/>
      <file name="appError.ts" path="C:\Users\AshokKumarSethuraman\Desktop\Ashok\Full-stack-badge\backend\src\middleware\appError.ts">
        <metrics statements="5" coveredstatements="5" conditionals="1" coveredconditionals="0" methods="1" coveredmethods="1"/>
        <line num="1" count="1" type="stmt"/>
        <line num="6" count="1" type="stmt"/>
        <line num="7" count="1" type="stmt"/>
        <line num="8" count="1" type="stmt"/>
        <line num="9" count="1" type="stmt"/>
      </file>
      <file name="auth.ts" path="C:\Users\AshokKumarSethuraman\Desktop\Ashok\Full-stack-badge\backend\src\middleware\auth.ts">
        <metrics statements="17" coveredstatements="17" conditionals="8" coveredconditionals="8" methods="3" coveredmethods="3"/>
        <line num="2" count="1" type="stmt"/>
        <line num="9" count="1" type="stmt"/>
        <line num="10" count="3" type="stmt"/>
        <line num="11" count="3" type="stmt"/>
        <line num="12" count="3" type="cond" truecount="4" falsecount="0"/>
        <line num="13" count="1" type="stmt"/>
        <line num="16" count="2" type="stmt"/>
        <line num="17" count="2" type="stmt"/>
        <line num="19" count="1" type="stmt"/>
        <line num="24" count="1" type="stmt"/>
        <line num="26" count="1" type="stmt"/>
        <line num="30" count="1" type="stmt"/>
        <line num="31" count="2" type="stmt"/>
        <line num="32" count="2" type="stmt"/>
        <line num="33" count="2" type="cond" truecount="4" falsecount="0"/>
        <line num="34" count="1" type="stmt"/>
        <line num="36" count="1" type="stmt"/>
      </file>
      <file name="error.ts" path="C:\Users\AshokKumarSethuraman\Desktop\Ashok\Full-stack-badge\backend\src\middleware\error.ts">
        <metrics statements="11" coveredstatements="11" conditionals="4" coveredconditionals="4" methods="2" coveredmethods="2"/>
        <line num="2" count="1" type="stmt"/>
        <line num="3" count="1" type="stmt"/>
        <line num="5" count="1" type="stmt"/>
        <line num="6" count="1" type="stmt"/>
        <line num="9" count="1" type="stmt"/>
        <line num="10" count="3" type="cond" truecount="2" falsecount="0"/>
        <line num="11" count="1" type="stmt"/>
        <line num="14" count="2" type="cond" truecount="2" falsecount="0"/>
        <line num="15" count="1" type="stmt"/>
        <line num="18" count="1" type="stmt"/>
        <line num="19" count="1" type="stmt"/>
      </file>
      <file name="logger.ts" path="C:\Users\AshokKumarSethuraman\Desktop\Ashok\Full-stack-badge\backend\src\middleware\logger.ts">
        <metrics statements="6" coveredstatements="6" conditionals="0" coveredconditionals="0" methods="2" coveredmethods="2"/>
        <line num="3" count="1" type="stmt"/>
        <line num="4" count="1" type="stmt"/>
        <line num="5" count="1" type="stmt"/>
        <line num="6" count="1" type="stmt"/>
        <line num="7" count="1" type="stmt"/>
        <line num="9" count="1" type="stmt"/>
      </file>
      <file name="validate.ts" path="C:\Users\AshokKumarSethuraman\Desktop\Ashok\Full-stack-badge\backend\src\middleware\validate.ts">
        <metrics statements="6" coveredstatements="6" conditionals="0" coveredconditionals="0" methods="2" coveredmethods="2"/>
        <line num="4" count="1" type="stmt"/>
        <line num="5" count="2" type="stmt"/>
        <line num="6" count="2" type="stmt"/>
        <line num="7" count="2" type="stmt"/>
        <line num="8" count="1" type="stmt"/>
        <line num="10" count="1" type="stmt"/>
      </file>
    </package>
    <package name="schemas">
      <metrics statements="11" coveredstatements="11" conditionals="0" coveredconditionals="0" methods="1" coveredmethods="1"/>
      <file name="auth.ts" path="C:\Users\AshokKumarSethuraman\Desktop\Ashok\Full-stack-badge\backend\src\schemas\auth.ts">
        <metrics statements="4" coveredstatements="4" conditionals="0" coveredconditionals="0" methods="1" coveredmethods="1"/>
        <line num="1" count="2" type="stmt"/>
        <line num="3" count="2" type="stmt"/>
        <line num="11" count="2" type="stmt"/>
        <line num="16" count="2" type="stmt"/>
      </file>
      <file name="comment.ts" path="C:\Users\AshokKumarSethuraman\Desktop\Ashok\Full-stack-badge\backend\src\schemas\comment.ts">
        <metrics statements="2" coveredstatements="2" conditionals="0" coveredconditionals="0" methods="0" coveredmethods="0"/>
        <line num="1" count="2" type="stmt"/>
        <line num="3" count="2" type="stmt"/>
      </file>
      <file name="project.ts" path="C:\Users\AshokKumarSethuraman\Desktop\Ashok\Full-stack-badge\backend\src\schemas\project.ts">
        <metrics statements="2" coveredstatements="2" conditionals="0" coveredconditionals="0" methods="0" coveredmethods="0"/>
        <line num="1" count="2" type="stmt"/>
        <line num="3" count="2" type="stmt"/>
      </file>
      <file name="task.ts" path="C:\Users\AshokKumarSethuraman\Desktop\Ashok\Full-stack-badge\backend\src\schemas\task.ts">
        <metrics statements="3" coveredstatements="3" conditionals="0" coveredconditionals="0" methods="0" coveredmethods="0"/>
        <line num="1" count="2" type="stmt"/>
        <line num="3" count="2" type="stmt"/>
        <line num="10" count="2" type="stmt"/>
      </file>
    </package>
    <package name="services">
      <metrics statements="14" coveredstatements="14" conditionals="4" coveredconditionals="3" methods="3" coveredmethods="3"/>
      <file name="eventBusService.ts" path="C:\Users\AshokKumarSethuraman\Desktop\Ashok\Full-stack-badge\backend\src\services\eventBusService.ts">
        <metrics statements="14" coveredstatements="14" conditionals="4" coveredconditionals="3" methods="3" coveredmethods="3"/>
        <line num="3" count="1" type="stmt"/>
        <line num="4" count="4" type="stmt"/>
        <line num="7" count="3" type="stmt"/>
        <line num="8" count="3" type="stmt"/>
        <line num="10" count="3" type="cond" truecount="1" falsecount="1"/>
        <line num="11" count="3" type="stmt"/>
        <line num="12" count="4" type="stmt"/>
        <line num="13" count="4" type="stmt"/>
        <line num="15" count="1" type="stmt"/>
        <line num="21" count="4" type="cond" truecount="2" falsecount="0"/>
        <line num="22" count="3" type="stmt"/>
        <line num="24" count="4" type="stmt"/>
        <line num="25" count="4" type="stmt"/>
        <line num="29" count="1" type="stmt"/>
      </file>
    </package>
    <package name="utils">
      <metrics statements="16" coveredstatements="16" conditionals="6" coveredconditionals="6" methods="3" coveredmethods="3"/>
      <file name="env.ts" path="C:\Users\AshokKumarSethuraman\Desktop\Ashok\Full-stack-badge\backend\src\utils\env.ts">
        <metrics statements="8" coveredstatements="8" conditionals="2" coveredconditionals="2" methods="1" coveredmethods="1"/>
        <line num="1" count="1" type="stmt"/>
        <line num="2" count="1" type="stmt"/>
        <line num="3" count="1" type="stmt"/>
        <line num="5" count="1" type="stmt"/>
        <line num="6" count="2" type="stmt"/>
        <line num="7" count="2" type="stmt"/>
        <line num="8" count="2" type="cond" truecount="2" falsecount="0"/>
        <line num="10" count="2" type="stmt"/>
      </file>
      <file name="jwt.ts" path="C:\Users\AshokKumarSethuraman\Desktop\Ashok\Full-stack-badge\backend\src\utils\jwt.ts">
        <metrics statements="8" coveredstatements="8" conditionals="4" coveredconditionals="4" methods="2" coveredmethods="2"/>
        <line num="1" count="1" type="stmt"/>
        <line num="3" count="1" type="cond" truecount="2" falsecount="0"/>
        <line num="4" count="1" type="cond" truecount="2" falsecount="0"/>
        <line num="6" count="1" type="stmt"/>
        <line num="7" count="2" type="stmt"/>
        <line num="10" count="1" type="stmt"/>
        <line num="11" count="3" type="stmt"/>
        <line num="14" count="1" type="stmt"/>
      </file>
    </package>
  </project>
</coverage>
