TN:
SF:src\middleware\appError.ts
FN:5,(anonymous_0)
FNF:1
FNH:1
FNDA:1,(anonymous_0)
DA:1,1
DA:6,1
DA:7,1
DA:8,1
DA:9,1
LF:5
LH:5
BRDA:5,0,0,0
BRF:1
BRH:0
end_of_record
TN:
SF:src\middleware\auth.ts
FN:9,requireAuth
FN:30,requireRole
FN:31,(anonymous_2)
FNF:3
FNH:3
FNDA:3,requireAuth
FNDA:2,requireRole
FNDA:2,(anonymous_2)
DA:2,1
DA:9,1
DA:10,3
DA:11,3
DA:12,3
DA:13,1
DA:16,2
DA:17,2
DA:19,1
DA:24,1
DA:26,1
DA:30,1
DA:31,2
DA:32,2
DA:33,2
DA:34,1
DA:36,1
LF:17
LH:17
BRDA:12,0,0,1
BRDA:12,0,1,2
BRDA:12,1,0,3
BRDA:12,1,1,2
BRDA:33,2,0,1
BRDA:33,2,1,1
BRDA:33,3,0,2
BRDA:33,3,1,2
BRF:8
BRH:8
end_of_record
TN:
SF:src\middleware\error.ts
FN:5,notFound
FN:9,errorHandler
FNF:2
FNH:2
FNDA:1,notFound
FNDA:3,errorHandler
DA:2,1
DA:3,1
DA:5,1
DA:6,1
DA:9,1
DA:10,3
DA:11,1
DA:14,2
DA:15,1
DA:18,1
DA:19,1
LF:11
LH:11
BRDA:10,0,0,1
BRDA:10,0,1,2
BRDA:14,1,0,1
BRDA:14,1,1,1
BRF:4
BRH:4
end_of_record
TN:
SF:src\middleware\logger.ts
FN:3,requestLogger
FN:5,(anonymous_1)
FNF:2
FNH:2
FNDA:1,requestLogger
FNDA:1,(anonymous_1)
DA:3,1
DA:4,1
DA:5,1
DA:6,1
DA:7,1
DA:9,1
LF:6
LH:6
BRF:0
BRH:0
end_of_record
TN:
SF:src\middleware\validate.ts
FN:4,validateBody
FN:5,(anonymous_1)
FNF:2
FNH:2
FNDA:2,validateBody
FNDA:2,(anonymous_1)
DA:4,1
DA:5,2
DA:6,2
DA:7,2
DA:8,1
DA:10,1
LF:6
LH:6
BRF:0
BRH:0
end_of_record
TN:
SF:src\schemas\auth.ts
FN:11,(anonymous_0)
FNF:1
FNH:1
FNDA:2,(anonymous_0)
DA:1,2
DA:3,2
DA:11,2
DA:16,2
LF:4
LH:4
BRF:0
BRH:0
end_of_record
TN:
SF:src\schemas\comment.ts
FNF:0
FNH:0
DA:1,2
DA:3,2
LF:2
LH:2
BRF:0
BRH:0
end_of_record
TN:
SF:src\schemas\project.ts
FNF:0
FNH:0
DA:1,2
DA:3,2
LF:2
LH:2
BRF:0
BRH:0
end_of_record
TN:
SF:src\schemas\task.ts
FNF:0
FNH:0
DA:1,2
DA:3,2
DA:10,2
LF:3
LH:3
BRF:0
BRH:0
end_of_record
TN:
SF:src\services\eventBusService.ts
FN:3,(anonymous_0)
FN:6,(anonymous_1)
FN:20,(anonymous_2)
FNF:3
FNH:3
FNDA:4,(anonymous_0)
FNDA:3,(anonymous_1)
FNDA:4,(anonymous_2)
DA:3,1
DA:4,4
DA:7,3
DA:8,3
DA:10,3
DA:11,3
DA:12,4
DA:13,4
DA:15,1
DA:21,4
DA:22,3
DA:24,4
DA:25,4
DA:29,1
LF:14
LH:14
BRDA:10,0,0,3
BRDA:10,0,1,0
BRDA:21,1,0,3
BRDA:21,1,1,1
BRF:4
BRH:3
end_of_record
TN:
SF:src\utils\env.ts
FN:5,loadEnv
FNF:1
FNH:1
FNDA:2,loadEnv
DA:1,1
DA:2,1
DA:3,1
DA:5,1
DA:6,2
DA:7,2
DA:8,2
DA:10,2
LF:8
LH:8
BRDA:8,0,0,1
BRDA:8,0,1,1
BRF:2
BRH:2
end_of_record
TN:
SF:src\utils\jwt.ts
FN:6,signToken
FN:10,verifyToken
FNF:2
FNH:2
FNDA:2,signToken
FNDA:3,verifyToken
DA:1,1
DA:3,1
DA:4,1
DA:6,1
DA:7,2
DA:10,1
DA:11,3
DA:14,1
LF:8
LH:8
BRDA:3,0,0,1
BRDA:3,0,1,1
BRDA:4,1,0,1
BRDA:4,1,1,1
BRF:4
BRH:4
end_of_record
